C:\Program Files (x86)\MSBuild\Microsoft.Cpp\v4.0\V140\Microsoft.CppBuild.targets(392,5): warning MSB8028: The intermediate directory (Debug\) contains files shared from another project (LexicalAnalysis.vcxproj).  This can lead to incorrect clean and rebuild behavior.
  Token.cpp
  SyntaxAnalysis.cpp
  main.cpp
  LexicalAnalysis.cpp
  IR.cpp
d:\fax\samozapush\src\ir.cpp(812): warning C4018: '<': signed/unsigned mismatch
d:\fax\samozapush\src\ir.cpp(884): warning C4018: '<': signed/unsigned mismatch
d:\fax\samozapush\src\ir.cpp(887): warning C4018: '<': signed/unsigned mismatch
d:\fax\samozapush\src\ir.cpp(895): warning C4018: '<': signed/unsigned mismatch
d:\fax\samozapush\src\ir.cpp(938): warning C4018: '<': signed/unsigned mismatch
d:\fax\samozapush\src\ir.cpp(943): warning C4018: '<': signed/unsigned mismatch
d:\fax\samozapush\src\ir.cpp(959): warning C4018: '<': signed/unsigned mismatch
d:\fax\samozapush\src\ir.cpp(966): warning C4018: '<': signed/unsigned mismatch
  FiniteStateMachine.cpp
  Generating Code...
d:\fax\samozapush\src\ir.cpp(754): warning C4715: 'instFinder': not all control paths return a value
d:\fax\samozapush\src\ir.cpp(880): warning C4715: 'findGPosition': not all control paths return a value
  LexicalAnalysis.vcxproj -> D:\Fax\SamoZaPush\src\Debug\Projekat.exe
  LexicalAnalysis.vcxproj -> D:\Fax\SamoZaPush\src\Debug\Projekat.pdb (Full PDB)
